{
 "cells": [
  {
   "cell_type": "markdown",
   "metadata": {},
   "source": [
    "# Obiettivo del Progetto\n",
    "\n",
    "L’obiettivo di questo progetto è valutare le prestazioni di PostgreSQL eseguendo alcune query di selezione, proiezione e join in due configurazioni differenti:\n",
    "\n",
    "1. **Senza indici**: oltre alle chiavi primarie di base.\n",
    "2. **Con indici**: creati ad hoc su determinati campi.\n",
    "\n",
    "Si confronteranno i piani di esecuzione (mediante `EXPLAIN ANALYZE`) e si misureranno, opzionalmente, i blocchi letti/hittati (pin e read) tramite la vista di sistema `pg_stat_database`."
   ]
  },
  {
   "cell_type": "markdown",
   "metadata": {},
   "source": [
    "---\n",
    "### Generazione di Dati Fittizi con Faker\n",
    "\n",
    "In questa sezione, utilizzeremo la libreria Python `faker` per generare dati fittizi. Questo può essere utile per simulare un database o per testare query SQL. Lo script seguente crea un file CSV con dati separati da un delimitatore personalizzato (ad esempio, `|`).\n"
   ]
  },
  {
   "cell_type": "code",
   "execution_count": 5,
   "metadata": {},
   "outputs": [],
   "source": [
    "import psycopg2\n",
    "from faker import Faker\n",
    "import random\n",
    "import subprocess\n",
    "import os"
   ]
  },
  {
   "cell_type": "code",
   "execution_count": 17,
   "metadata": {},
   "outputs": [
    {
     "name": "stdout",
     "output_type": "stream",
     "text": [
      "Current working directory: c:\\Users\\luca-\\OneDrive\\Desktop\\University\\MAGISTRALE\\2_ANNO\\2_SEMESTRE\\Basi_di_Dati_2\\Homeworks\\Progetto1_bd2\n"
     ]
    }
   ],
   "source": [
    "import os\n",
    "import subprocess\n",
    "\n",
    "print(\"Current working directory:\", os.getcwd())\n",
    "\n",
    "def run_sql_script(script_path, db_name, db_user, db_password, db_host=\"localhost\"):\n",
    "    env = os.environ.copy()\n",
    "    env[\"PGPASSWORD\"] = db_password\n",
    "\n",
    "    cmd = [\n",
    "        \"psql\",\n",
    "        \"-U\", db_user,\n",
    "        \"-d\", db_name,\n",
    "        \"-h\", db_host,\n",
    "        \"-f\", script_path\n",
    "    ]\n",
    "    \n",
    "    print(f\"Esecuzione di {script_path}...\")\n",
    "    subprocess.run(cmd, check=True, env=env)\n",
    "    print(f\"{script_path} completato.\\n\")\n",
    "\n",
    "if __name__ == \"__main__\":\n",
    "    # Parametri di connessione\n",
    "    DB_NAME = \"universita\"      # Sostituisci con il nome del tuo database\n",
    "    DB_USER = \"postgres\"      # Sostituisci se necessario\n",
    "    DB_PASSWORD = \"postgres\"  # Sostituisci con la tua password\n",
    "    DB_HOST = \"localhost\"\n",
    "    \n",
    "    # Percorsi dei file SQL (in questo esempio, nella directory corrente)\n",
    "    create_tables_path = os.path.join(os.getcwd(), \"create_tables.sql\")\n",
    "    create_indexes_btree_path = os.path.join(os.getcwd(), \"create_indexes_btree.sql\")\n",
    "    create_indexes_hash_path = os.path.join(os.getcwd(), \"create_indexes_hash.sql\")"
   ]
  },
  {
   "cell_type": "markdown",
   "metadata": {},
   "source": [
    "### Configurazione A senza indici"
   ]
  },
  {
   "cell_type": "code",
   "execution_count": null,
   "metadata": {},
   "outputs": [
    {
     "name": "stdout",
     "output_type": "stream",
     "text": [
      "Configurazione A: Senza indice\n",
      "Esecuzione di c:\\Users\\luca-\\OneDrive\\Desktop\\University\\MAGISTRALE\\2_ANNO\\2_SEMESTRE\\Basi_di_Dati_2\\Homeworks\\Progetto1_bd2\\create_tables.sql...\n",
      "c:\\Users\\luca-\\OneDrive\\Desktop\\University\\MAGISTRALE\\2_ANNO\\2_SEMESTRE\\Basi_di_Dati_2\\Homeworks\\Progetto1_bd2\\create_tables.sql completato.\n",
      "\n"
     ]
    }
   ],
   "source": [
    "# Per configurazione A (senza indice)\n",
    "print(\"Configurazione A: Senza indice\")\n",
    "run_sql_script(create_tables_path, DB_NAME, DB_USER, DB_PASSWORD, DB_HOST)"
   ]
  },
  {
   "cell_type": "markdown",
   "metadata": {},
   "source": [
    "### Configurazione B (Indice B-Tree su id_corso)"
   ]
  },
  {
   "cell_type": "code",
   "execution_count": 25,
   "metadata": {},
   "outputs": [
    {
     "name": "stdout",
     "output_type": "stream",
     "text": [
      "Configurazione B: Con indice B-Tree\n",
      "Esecuzione di c:\\Users\\luca-\\OneDrive\\Desktop\\University\\MAGISTRALE\\2_ANNO\\2_SEMESTRE\\Basi_di_Dati_2\\Homeworks\\Progetto1_bd2\\create_indexes_btree.sql...\n",
      "c:\\Users\\luca-\\OneDrive\\Desktop\\University\\MAGISTRALE\\2_ANNO\\2_SEMESTRE\\Basi_di_Dati_2\\Homeworks\\Progetto1_bd2\\create_indexes_btree.sql completato.\n",
      "\n"
     ]
    }
   ],
   "source": [
    "# Per configurazione B (con indice B-Tree)\n",
    "print(\"Configurazione B: Con indice B-Tree\")\n",
    "run_sql_script(create_indexes_btree_path, DB_NAME, DB_USER, DB_PASSWORD, DB_HOST)"
   ]
  },
  {
   "cell_type": "markdown",
   "metadata": {},
   "source": [
    "### Configurazione C (Indice Hash su corso)"
   ]
  },
  {
   "cell_type": "code",
   "execution_count": 9,
   "metadata": {},
   "outputs": [
    {
     "name": "stdout",
     "output_type": "stream",
     "text": [
      "Configurazione C: Con indice Hash\n",
      "Esecuzione di c:\\Users\\luca-\\OneDrive\\Desktop\\University\\MAGISTRALE\\2_ANNO\\2_SEMESTRE\\Basi_di_Dati_2\\Homeworks\\Progetto1_bd2\\create_indexes_hash.sql...\n",
      "c:\\Users\\luca-\\OneDrive\\Desktop\\University\\MAGISTRALE\\2_ANNO\\2_SEMESTRE\\Basi_di_Dati_2\\Homeworks\\Progetto1_bd2\\create_indexes_hash.sql completato.\n",
      "\n"
     ]
    }
   ],
   "source": [
    "# poi esegui l'indice Hash:\n",
    "print(\"Configurazione C: Con indice Hash\")\n",
    "run_sql_script(create_indexes_hash_path, DB_NAME, DB_USER, DB_PASSWORD, DB_HOST)"
   ]
  },
  {
   "cell_type": "code",
   "execution_count": 7,
   "metadata": {},
   "outputs": [
    {
     "name": "stdout",
     "output_type": "stream",
     "text": [
      "Popolamento completato!\n"
     ]
    }
   ],
   "source": [
    "\n",
    "# Parametri di connessione al database\n",
    "DB_NAME = \"universita\"\n",
    "DB_USER = \"postgres\"\n",
    "DB_PASSWORD = \"postgres\"\n",
    "DB_HOST = \"localhost\"  # o l'host appropriato\n",
    "\n",
    "fake = Faker()\n",
    "\n",
    "# Dimensioni dei dati\n",
    "N_STUDENTI = 50000\n",
    "N_CORSI = 5000\n",
    "N_ISCRIZIONI = 2000000\n",
    "\n",
    "# Connessione al database\n",
    "conn = psycopg2.connect(dbname=DB_NAME, user=DB_USER, password=DB_PASSWORD, host=DB_HOST)\n",
    "cur = conn.cursor()\n",
    "\n",
    "# Svuota le tabelle (se esistono dati)\n",
    "cur.execute(\"TRUNCATE TABLE Iscrizione CASCADE;\")\n",
    "cur.execute(\"TRUNCATE TABLE Corso CASCADE;\")\n",
    "cur.execute(\"TRUNCATE TABLE Studente CASCADE;\")\n",
    "\n",
    "# Popola la tabella Studente\n",
    "for i in range(1, N_STUDENTI + 1):\n",
    "    nome = fake.first_name()\n",
    "    email = fake.email()\n",
    "    indirizzo = fake.address().replace(\"\\n\", \", \")\n",
    "    cur.execute(\n",
    "        \"INSERT INTO Studente (id, nome, email, indirizzo) VALUES (%s, %s, %s, %s);\",\n",
    "        (i, nome, email, indirizzo)\n",
    "    )\n",
    "\n",
    "# Popola la tabella Corso\n",
    "for i in range(1, N_CORSI + 1):\n",
    "    nome_corso = \"Corso_\" + fake.word()\n",
    "    cfu = random.randint(3, 12)\n",
    "    cur.execute(\n",
    "        \"INSERT INTO Corso (id, nome, cfu) VALUES (%s, %s, %s);\",\n",
    "        (i, nome_corso, cfu)\n",
    "    )\n",
    "\n",
    "# Popola la tabella Iscrizione\n",
    "for _ in range(N_ISCRIZIONI):\n",
    "    stud_id = random.randint(1, N_STUDENTI)\n",
    "    corso_id = random.randint(1, N_CORSI)\n",
    "    voto = random.randint(18, 30)\n",
    "    cur.execute(\n",
    "        \"INSERT INTO Iscrizione (studente_id, corso_id, voto) VALUES (%s, %s, %s);\",\n",
    "        (stud_id, corso_id, voto)\n",
    "    )\n",
    "\n",
    "conn.commit()\n",
    "cur.close()\n",
    "conn.close()\n",
    "\n",
    "print(\"Popolamento completato!\")\n"
   ]
  },
  {
   "cell_type": "markdown",
   "metadata": {},
   "source": [
    "## Visualizzazione dati nelle relazioni"
   ]
  },
  {
   "cell_type": "code",
   "execution_count": 8,
   "metadata": {},
   "outputs": [
    {
     "name": "stdout",
     "output_type": "stream",
     "text": [
      "Primi 10 record della tabella Studente:\n",
      "(1, 'Eric', 'jennifer09@example.org', '58491 Michelle Grove, Port Caitlin, KS 74463')\n",
      "(2, 'Corey', 'tcain@example.org', 'USNS Chen, FPO AE 56329')\n",
      "(3, 'David', 'awhite@example.org', '1625 Tina Square Suite 656, East Amandaville, NM 41694')\n",
      "(4, 'Ian', 'tyler75@example.net', '42229 Monica Manors Suite 688, Tuckerhaven, NH 36034')\n",
      "(5, 'Rhonda', 'timothy03@example.org', '44274 Hernandez Avenue Apt. 319, South Amyhaven, TN 20797')\n",
      "(6, 'Jacob', 'wallanna@example.net', 'Unit 5516 Box 6079, DPO AA 16022')\n",
      "(7, 'Jaime', 'xjacobs@example.org', '348 Fields Trail, East Ritastad, VA 87101')\n",
      "(8, 'Keith', 'christina98@example.com', '016 Patricia Ports, East Stanley, NC 13408')\n",
      "(9, 'Michael', 'lindabrown@example.com', '886 Matthew Stream, New Martha, CA 40359')\n",
      "(10, 'Michelle', 'michael55@example.net', '692 Christopher Trail, Dustinstad, NJ 09047')\n",
      "\n",
      "\n",
      "Primi 10 record della tabella Corso:\n",
      "(1, 'Corso_tree', 10)\n",
      "(2, 'Corso_lose', 10)\n",
      "(3, 'Corso_company', 10)\n",
      "(4, 'Corso_rather', 12)\n",
      "(5, 'Corso_fear', 7)\n",
      "(6, 'Corso_style', 11)\n",
      "(7, 'Corso_area', 10)\n",
      "(8, 'Corso_box', 8)\n",
      "(9, 'Corso_attorney', 3)\n",
      "(10, 'Corso_first', 4)\n",
      "\n",
      "\n",
      "Primi 10 record della tabella Iscrizione:\n",
      "(1, 2104, 970, 29)\n",
      "(2, 3211, 4543, 25)\n",
      "(3, 10743, 4599, 28)\n",
      "(4, 41038, 4827, 21)\n",
      "(5, 3880, 3589, 29)\n",
      "(6, 7844, 2137, 24)\n",
      "(7, 40584, 742, 19)\n",
      "(8, 23859, 3191, 19)\n",
      "(9, 2792, 3390, 26)\n",
      "(10, 27937, 1099, 30)\n",
      "\n",
      "\n"
     ]
    }
   ],
   "source": [
    "import psycopg2\n",
    "\n",
    "# Connessione al database\n",
    "conn = psycopg2.connect(dbname=DB_NAME, user=DB_USER, password=DB_PASSWORD, host=DB_HOST)\n",
    "cur = conn.cursor()\n",
    "\n",
    "# Relazioni da visualizzare\n",
    "relazioni = [\"Studente\", \"Corso\", \"Iscrizione\"]\n",
    "\n",
    "for relazione in relazioni:\n",
    "    print(f\"Primi 10 record della tabella {relazione}:\")\n",
    "    cur.execute(f\"SELECT * FROM {relazione} LIMIT 10;\")\n",
    "    records = cur.fetchall()\n",
    "    for record in records:\n",
    "        print(record)\n",
    "    print(\"\\n\")\n",
    "\n",
    "cur.close()\n",
    "conn.close()\n"
   ]
  },
  {
   "cell_type": "markdown",
   "metadata": {},
   "source": [
    "# Parte 2 del Progetto\n",
    "\n",
    "La seconda parte del progetto consiste nel definire ed eseguire le query di test per confrontare i piani di esecuzione e le prestazioni nelle diverse configurazioni (senza indice, con indice B-Tree e con indice Hash)."
   ]
  },
  {
   "cell_type": "markdown",
   "metadata": {},
   "source": [
    "Questa funzione esegue i seguenti passaggi:\n",
    "\n",
    "1. **Drop della tabella esistente**: Se esiste una tabella con lo stesso nome, viene eliminata.\n",
    "2. **Creazione di una nuova tabella**: La tabella viene creata con i valori iniziali di `blks_hit + blks_read` e `blks_read`, letti dalla vista `pg_stat_database`.\n",
    "3. **Esecuzione della query da testare**: La query viene eseguita per misurare le prestazioni.\n",
    "4. **Attesa opzionale**: È possibile inserire un'attesa per stabilizzare le statistiche.\n",
    "5. **Lettura dei valori finali**: I valori finali di `blks_hit` e `blks_read` vengono letti nuovamente da `pg_stat_database`.\n",
    "6. **Calcolo delle differenze**: Viene calcolata la differenza tra i valori iniziali e finali per ottenere i risultati di `pin` (numPin) e `read` (numRead).\n",
    "7. **Stampa dei risultati**: I valori risultanti vengono stampati a schermo.\n",
    "\n",
    "**Nota importante**: Nel comando `WHERE datname LIKE 'postgres'`, sostituisci `'postgres'` con il nome del database che stai utilizzando (ad esempio, `'universita'` se il tuo database si chiama “universita”).\n"
   ]
  },
  {
   "cell_type": "code",
   "execution_count": null,
   "metadata": {},
   "outputs": [
    {
     "name": "stdout",
     "output_type": "stream",
     "text": [
      "==> Test PRE-ANALYZE (NO_INDEX)\n",
      "Query 1: join + selezione\n",
      "Piano di esecuzione:\n",
      "Hash Join  (cost=1816.51..3163.46 rows=398 width=33) (actual time=15.240..17.481 rows=388 loops=1)\n",
      "  Hash Cond: (i.studente_id = s.id)\n",
      "  ->  Bitmap Heap Scan on iscrizione i  (cost=7.51..1353.41 rows=398 width=8) (actual time=0.371..2.445 rows=388 loops=1)\n",
      "        Recheck Cond: (corso_id = 10)\n",
      "        Heap Blocks: exact=384\n",
      "        ->  Bitmap Index Scan on idx_iscrizione_corso_btree  (cost=0.00..7.41 rows=398 width=0) (actual time=0.339..0.339 rows=388 loops=1)\n",
      "              Index Cond: (corso_id = 10)\n",
      "  ->  Hash  (cost=1184.00..1184.00 rows=50000 width=33) (actual time=14.739..14.740 rows=50000 loops=1)\n",
      "        Buckets: 65536  Batches: 1  Memory Usage: 3801kB\n",
      "        ->  Seq Scan on studente s  (cost=0.00..1184.00 rows=50000 width=33) (actual time=0.025..7.562 rows=50000 loops=1)\n",
      "Planning Time: 2.873 ms\n",
      "Execution Time: 18.189 ms\n",
      "  --> Differenza Num Pin: 0, Differenza Num Read: 0\n",
      "------------------------------------------------------------\n",
      "Query 2: range scan su corso_id\n",
      "Piano di esecuzione:\n",
      "Sort  (cost=17141.01..17245.49 rows=41791 width=37) (actual time=92.881..96.760 rows=40183 loops=1)\n",
      "  Sort Key: i.corso_id\n",
      "  Sort Method: quicksort  Memory: 3670kB\n",
      "  ->  Hash Join  (cost=2385.79..13933.36 rows=41791 width=37) (actual time=13.195..85.458 rows=40183 loops=1)\n",
      "        Hash Cond: (i.studente_id = s.id)\n",
      "        ->  Bitmap Heap Scan on iscrizione i  (cost=576.79..12014.65 rows=41791 width=12) (actual time=3.532..59.127 rows=40183 loops=1)\n",
      "              Recheck Cond: ((corso_id >= 100) AND (corso_id <= 200))\n",
      "              Heap Blocks: exact=10566\n",
      "              ->  Bitmap Index Scan on idx_iscrizione_corso_btree  (cost=0.00..566.34 rows=41791 width=0) (actual time=2.528..2.528 rows=40183 loops=1)\n",
      "                    Index Cond: ((corso_id >= 100) AND (corso_id <= 200))\n",
      "        ->  Hash  (cost=1184.00..1184.00 rows=50000 width=33) (actual time=9.525..9.527 rows=50000 loops=1)\n",
      "              Buckets: 65536  Batches: 1  Memory Usage: 3801kB\n",
      "              ->  Seq Scan on studente s  (cost=0.00..1184.00 rows=50000 width=33) (actual time=0.009..3.459 rows=50000 loops=1)\n",
      "Planning Time: 0.142 ms\n",
      "Execution Time: 99.463 ms\n",
      "  --> Differenza Num Pin: 0, Differenza Num Read: 0\n",
      "------------------------------------------------------------\n",
      "==> Ora eseguo ANALYZE globale...\n",
      "==> Test POST-ANALYZE (NO_INDEX)\n",
      "Query 1: join + selezione\n",
      "Piano di esecuzione:\n",
      "Hash Join  (cost=1816.51..3163.46 rows=398 width=33) (actual time=9.979..10.660 rows=388 loops=1)\n",
      "  Hash Cond: (i.studente_id = s.id)\n",
      "  ->  Bitmap Heap Scan on iscrizione i  (cost=7.51..1353.41 rows=398 width=8) (actual time=0.058..0.534 rows=388 loops=1)\n",
      "        Recheck Cond: (corso_id = 10)\n",
      "        Heap Blocks: exact=384\n",
      "        ->  Bitmap Index Scan on idx_iscrizione_corso_btree  (cost=0.00..7.41 rows=398 width=0) (actual time=0.030..0.031 rows=388 loops=1)\n",
      "              Index Cond: (corso_id = 10)\n",
      "  ->  Hash  (cost=1184.00..1184.00 rows=50000 width=33) (actual time=9.827..9.828 rows=50000 loops=1)\n",
      "        Buckets: 65536  Batches: 1  Memory Usage: 3801kB\n",
      "        ->  Seq Scan on studente s  (cost=0.00..1184.00 rows=50000 width=33) (actual time=0.006..3.533 rows=50000 loops=1)\n",
      "Planning Time: 0.161 ms\n",
      "Execution Time: 11.112 ms\n",
      "  --> Differenza Num Pin: 0, Differenza Num Read: 0\n",
      "------------------------------------------------------------\n",
      "Query 2: range scan su corso_id\n",
      "Piano di esecuzione:\n",
      "Sort  (cost=16655.07..16749.01 rows=37575 width=37) (actual time=47.544..51.517 rows=40183 loops=1)\n",
      "  Sort Key: i.corso_id\n",
      "  Sort Method: quicksort  Memory: 3670kB\n",
      "  ->  Hash Join  (cost=2326.57..13799.84 rows=37575 width=37) (actual time=11.601..41.041 rows=40183 loops=1)\n",
      "        Hash Cond: (i.studente_id = s.id)\n",
      "        ->  Bitmap Heap Scan on iscrizione i  (cost=517.57..11892.20 rows=37575 width=12) (actual time=2.656..18.175 rows=40183 loops=1)\n",
      "              Recheck Cond: ((corso_id >= 100) AND (corso_id <= 200))\n",
      "              Heap Blocks: exact=10566\n",
      "              ->  Bitmap Index Scan on idx_iscrizione_corso_btree  (cost=0.00..508.18 rows=37575 width=0) (actual time=1.677..1.678 rows=40183 loops=1)\n",
      "                    Index Cond: ((corso_id >= 100) AND (corso_id <= 200))\n",
      "        ->  Hash  (cost=1184.00..1184.00 rows=50000 width=33) (actual time=8.847..8.848 rows=50000 loops=1)\n",
      "              Buckets: 65536  Batches: 1  Memory Usage: 3801kB\n",
      "              ->  Seq Scan on studente s  (cost=0.00..1184.00 rows=50000 width=33) (actual time=0.011..3.438 rows=50000 loops=1)\n",
      "Planning Time: 0.123 ms\n",
      "Execution Time: 54.141 ms\n",
      "  --> Differenza Num Pin: 0, Differenza Num Read: 0\n",
      "------------------------------------------------------------\n"
     ]
    }
   ],
   "source": [
    "import psycopg2\n",
    "import time\n",
    "\n",
    "# Parametri di connessione\n",
    "DB_NAME = \"universita\"   # o \"postgres\", se il DB si chiama così\n",
    "DB_USER = \"postgres\"\n",
    "DB_PASSWORD = \"postgres\"\n",
    "DB_HOST = \"localhost\"\n",
    "\n",
    "queries = [\n",
    "    {\n",
    "        \"name\": \"Query 1: join + selezione\",\n",
    "        \"sql\": \"\"\"\n",
    "            EXPLAIN ANALYZE\n",
    "            SELECT s.nome, s.email, i.voto\n",
    "            FROM Studente s\n",
    "            JOIN Iscrizione i ON s.id = i.studente_id\n",
    "            WHERE i.corso_id=10;\n",
    "        \"\"\"\n",
    "    },\n",
    "    {\n",
    "        \"name\": \"Query 2: range scan su corso_id\",\n",
    "        \"sql\": \"\"\"\n",
    "            EXPLAIN ANALYZE\n",
    "            SELECT s.nome, s.email, i.voto\n",
    "            FROM Studente s\n",
    "            JOIN Iscrizione i ON s.id = i.studente_id\n",
    "            WHERE i.corso_id BETWEEN 100 AND 200\n",
    "            ORDER BY i.corso_id;\n",
    "        \"\"\"\n",
    "    }\n",
    "]\n",
    "\n",
    "def get_stats(cur):\n",
    "    \"\"\"\n",
    "    Recupera le statistiche correnti da pg_stat_database per il database DB_NAME.\n",
    "    Ritorna una tupla: (numPin, numRead) dove:\n",
    "      - numPin = blks_hit + blks_read (accessi totali ai blocchi)\n",
    "      - numRead = blks_read (accessi fisici)\n",
    "    \"\"\"\n",
    "    cur.execute(\"\"\"\n",
    "        SELECT blks_hit + blks_read, blks_read\n",
    "        FROM pg_stat_database\n",
    "        WHERE datname = %s;\n",
    "    \"\"\", (DB_NAME,))\n",
    "    return cur.fetchone()\n",
    "\n",
    "def run_explain_analyze(connection, query_dict):\n",
    "    \"\"\"\n",
    "    Esegue la EXPLAIN ANALYZE e ritorna l'output (lista di righe).\n",
    "    \"\"\"\n",
    "    cur = connection.cursor()\n",
    "    cur.execute(query_dict[\"sql\"])\n",
    "    rows = cur.fetchall()  # Ogni riga è una tupla con una singola colonna di testo\n",
    "    cur.close()\n",
    "    return rows\n",
    "\n",
    "def run_query_with_stats(connection, query_dict):\n",
    "    \"\"\"\n",
    "    Per la query indicata:\n",
    "      - Recupera le statistiche I/O prima dell'esecuzione.\n",
    "      - Esegue EXPLAIN ANALYZE e raccoglie il piano di esecuzione.\n",
    "      - Attende un attimo per aggiornare le statistiche.\n",
    "      - Recupera le statistiche I/O dopo l'esecuzione.\n",
    "      - Calcola le differenze (differenza di numPin e numRead).\n",
    "    Ritorna un dizionario con:\n",
    "      - \"name\": nome della query\n",
    "      - \"plan\": lista di righe del piano di esecuzione\n",
    "      - \"numPin_diff\": differenza dei blocchi (hit+read)\n",
    "      - \"numRead_diff\": differenza dei blocchi letti fisicamente\n",
    "    \"\"\"\n",
    "    cur = connection.cursor()\n",
    "    \n",
    "    # Statistiche prima della query\n",
    "    stats_before = get_stats(cur)\n",
    "    \n",
    "    # Esecuzione della query (EXPLAIN ANALYZE)\n",
    "    plan_output = run_explain_analyze(connection, query_dict)\n",
    "    \n",
    "    connection.commit()\n",
    "    time.sleep(2)  # Attesa per permettere l'aggiornamento delle statistiche\n",
    "    \n",
    "    # Statistiche dopo la query\n",
    "    stats_after = get_stats(cur)\n",
    "    cur.close()\n",
    "    \n",
    "    # Calcolo delle differenze\n",
    "    numPin_diff = stats_after[0] - stats_before[0]\n",
    "    numRead_diff = stats_after[1] - stats_before[1]\n",
    "    \n",
    "    return {\n",
    "        \"name\": query_dict[\"name\"],\n",
    "        \"plan\": plan_output,\n",
    "        \"numPin_diff\": numPin_diff,\n",
    "        \"numRead_diff\": numRead_diff\n",
    "    }\n",
    "\n",
    "# Configurazione attuale: modifica a mano in base alla configurazione impostata (\"NO_INDEX\", \"BTREE\", \"HASH\")\n",
    "config = \"NO_INDEX\"\n",
    "\n",
    "# Apertura della connessione\n",
    "# Apertura della connessione\n",
    "conn = psycopg2.connect(dbname=DB_NAME, user=DB_USER, password=DB_PASSWORD, host=DB_HOST)\n",
    "conn.autocommit = True\n",
    "\n",
    "# Disabilita gli index scan per questa sessione\n",
    "cur = conn.cursor()\n",
    "#cur.execute(\"SET enable_indexscan = off;\")\n",
    "#cur.execute(\"SET enable_bitmapscan = off;\")\n",
    "cur.close()\n",
    "\n",
    "print(f\"==> Test PRE-ANALYZE ({config})\")\n",
    "results_pre = []\n",
    "for q in queries:\n",
    "    print(q[\"name\"])\n",
    "    result = run_query_with_stats(conn, q)\n",
    "    # Stampa il piano di esecuzione\n",
    "    print(\"Piano di esecuzione:\")\n",
    "    for line in result[\"plan\"]:\n",
    "        print(line[0])\n",
    "    # Stampa le statistiche I/O\n",
    "    print(f\"  --> Differenza Num Pin: {result['numPin_diff']}, Differenza Num Read: {result['numRead_diff']}\")\n",
    "    print(\"-\" * 60)\n",
    "    results_pre.append(result)\n",
    "\n",
    "print(\"==> Ora eseguo ANALYZE globale...\")\n",
    "cur = conn.cursor()\n",
    "cur.execute(\"ANALYZE;\")\n",
    "cur.close()\n",
    "\n",
    "print(f\"==> Test POST-ANALYZE ({config})\")\n",
    "results_post = []\n",
    "for q in queries:\n",
    "    print(q[\"name\"])\n",
    "    result = run_query_with_stats(conn, q)\n",
    "    print(\"Piano di esecuzione:\")\n",
    "    for line in result[\"plan\"]:\n",
    "        print(line[0])\n",
    "    print(f\"  --> Differenza Num Pin: {result['numPin_diff']}, Differenza Num Read: {result['numRead_diff']}\")\n",
    "    print(\"-\" * 60)\n",
    "    results_post.append(result)\n",
    "\n",
    "conn.close()\n",
    "\n",
    "# A questo punto, i dizionari 'results_pre' e 'results_post' contengono tutte le informazioni\n",
    "# (piani di esecuzione e differenze nelle statistiche I/O) utili per l'analisi e la relazione.\n"
   ]
  }
 ],
 "metadata": {
  "kernelspec": {
   "display_name": ".venv",
   "language": "python",
   "name": "python3"
  },
  "language_info": {
   "codemirror_mode": {
    "name": "ipython",
    "version": 3
   },
   "file_extension": ".py",
   "mimetype": "text/x-python",
   "name": "python",
   "nbconvert_exporter": "python",
   "pygments_lexer": "ipython3",
   "version": "3.12.4"
  }
 },
 "nbformat": 4,
 "nbformat_minor": 2
}
